\BOOKMARK [1][-]{section.1}{\376\377\000R\000e\000v\000i\000e\000w\000\040\0001\000:\000\040\000F\000i\000r\000e\000f\000i\000g\000h\000t\000e\000r\000\040\000M\000o\000n\000i\000t\000o\000r\000i\000n\000g\000\040\000S\000y\000s\000t\000e\000m}{}% 1
\BOOKMARK [2][-]{subsection.1.1}{\376\377\000R\000e\000s\000e\000a\000r\000c\000h\000\040\000P\000r\000o\000b\000l\000e\000m}{section.1}% 2
\BOOKMARK [2][-]{subsection.1.2}{\376\377\000I\000d\000e\000n\000t\000i\000f\000i\000e\000d\000\040\000G\000a\000p\000\040\000i\000n\000\040\000L\000i\000t\000e\000r\000a\000t\000u\000r\000e}{section.1}% 3
\BOOKMARK [2][-]{subsection.1.3}{\376\377\000T\000o\000p\000i\000c\000\040\000J\000u\000s\000t\000i\000f\000i\000c\000a\000t\000i\000o\000n}{section.1}% 4
\BOOKMARK [2][-]{subsection.1.4}{\376\377\000P\000r\000o\000p\000o\000s\000e\000d\000\040\000C\000o\000n\000t\000r\000i\000b\000u\000t\000i\000o\000n}{section.1}% 5
\BOOKMARK [2][-]{subsection.1.5}{\376\377\000S\000u\000m\000m\000a\000r\000y\000\040\000o\000f\000\040\000L\000i\000t\000e\000r\000a\000t\000u\000r\000e}{section.1}% 6
\BOOKMARK [3][-]{subsubsection.1.5.1}{\376\377\000W\000h\000a\000t\000\040\000i\000s\000\040\000K\000n\000o\000w\000n}{subsection.1.5}% 7
\BOOKMARK [3][-]{subsubsection.1.5.2}{\376\377\000W\000h\000a\000t\000\040\000i\000s\000\040\000U\000n\000k\000n\000o\000w\000n\000\040\000/\000\040\000G\000a\000p}{subsection.1.5}% 8
\BOOKMARK [3][-]{subsubsection.1.5.3}{\376\377\000M\000e\000t\000h\000o\000d\000s\000\040\000U\000s\000e\000d\000\040\000b\000y\000\040\000O\000t\000h\000e\000r\000s}{subsection.1.5}% 9
\BOOKMARK [3][-]{subsubsection.1.5.4}{\376\377\000L\000i\000m\000i\000t\000a\000t\000i\000o\000n\000s\000\040\000o\000f\000\040\000P\000a\000s\000t\000\040\000S\000t\000u\000d\000i\000e\000s}{subsection.1.5}% 10
\BOOKMARK [2][-]{subsection.1.6}{\376\377\000T\000o\000o\000l\000\040\000U\000s\000e\000d}{section.1}% 11
\BOOKMARK [2][-]{subsection.1.7}{\376\377\000S\000u\000b\000-\000G\000o\000a\000l\000s}{section.1}% 12
\BOOKMARK [2][-]{subsection.1.8}{\376\377\000H\000y\000p\000o\000t\000h\000e\000s\000e\000s}{section.1}% 13
\BOOKMARK [2][-]{subsection.1.9}{\376\377\000S\000c\000o\000p\000e}{section.1}% 14
\BOOKMARK [2][-]{subsection.1.10}{\376\377\000L\000i\000m\000i\000t\000a\000t\000i\000o\000n\000s}{section.1}% 15
\BOOKMARK [1][-]{section.2}{\376\377\000R\000e\000v\000i\000e\000w\000\040\0002\000:\000\040\000F\000i\000r\000e\000f\000i\000g\000h\000t\000e\000r\000\040\000M\000o\000n\000i\000t\000o\000r\000i\000n\000g\000\040\000S\000y\000s\000t\000e\000m}{}% 16
\BOOKMARK [2][-]{subsection.2.1}{\376\377\000E\000x\000p\000e\000r\000i\000m\000e\000n\000t\000a\000l\000\040\000S\000e\000t\000u\000p}{section.2}% 17
\BOOKMARK [2][-]{subsection.2.2}{\376\377\000A\000l\000g\000o\000r\000i\000t\000h\000m\000s\000\040\000/\000\040\000M\000o\000d\000e\000l\000s\000\040\000U\000s\000e\000d}{section.2}% 18
\BOOKMARK [2][-]{subsection.2.3}{\376\377\000I\000n\000s\000t\000r\000u\000m\000e\000n\000t\000s\000\040\000/\000\040\000T\000o\000o\000l\000s}{section.2}% 19
\BOOKMARK [2][-]{subsection.2.4}{\376\377\000S\000a\000m\000p\000l\000i\000n\000g\000\040\000D\000e\000t\000a\000i\000l\000s}{section.2}% 20
\BOOKMARK [2][-]{subsection.2.5}{\376\377\000S\000t\000a\000t\000i\000s\000t\000i\000c\000a\000l\000\040\000M\000e\000t\000h\000o\000d\000s}{section.2}% 21
\BOOKMARK [2][-]{subsection.2.6}{\376\377\000P\000r\000o\000c\000e\000d\000u\000r\000e}{section.2}% 22
\BOOKMARK [2][-]{subsection.2.7}{\376\377\000D\000a\000t\000a\000\040\000C\000o\000l\000l\000e\000c\000t\000i\000o\000n}{section.2}% 23
\BOOKMARK [2][-]{subsection.2.8}{\376\377\000V\000a\000l\000i\000d\000a\000t\000i\000o\000n}{section.2}% 24
\BOOKMARK [2][-]{subsection.2.9}{\376\377\000T\000r\000i\000a\000l\000\040\000R\000e\000p\000e\000t\000i\000t\000i\000o\000n}{section.2}% 25
\BOOKMARK [2][-]{subsection.2.10}{\376\377\000R\000e\000s\000u\000l\000t\000s\000\040\000i\000n\000\040\000T\000a\000b\000u\000l\000a\000r\000\040\000F\000o\000r\000m}{section.2}% 26
\BOOKMARK [3][-]{subsubsection.2.10.1}{\376\377\000R\000e\000s\000u\000l\000t\000s\000\040\000T\000a\000b\000l\000e}{subsection.2.10}% 27
\BOOKMARK [3][-]{subsubsection.2.10.2}{\376\377\000S\000t\000a\000t\000i\000s\000t\000i\000c\000a\000l\000\040\000A\000n\000a\000l\000y\000s\000i\000s}{subsection.2.10}% 28
\BOOKMARK [3][-]{subsubsection.2.10.3}{\376\377\000C\000o\000m\000p\000a\000r\000i\000s\000o\000n\000\040\000w\000i\000t\000h\000\040\000E\000x\000i\000s\000t\000i\000n\000g\000\040\000S\000y\000s\000t\000e\000m\000s}{subsection.2.10}% 29
\BOOKMARK [3][-]{subsubsection.2.10.4}{\376\377\000I\000n\000t\000e\000r\000p\000r\000e\000t\000a\000t\000i\000o\000n\000\040\000o\000f\000\040\000R\000e\000s\000u\000l\000t\000s}{subsection.2.10}% 30
\BOOKMARK [1][-]{section.3}{\376\377\000R\000e\000v\000i\000e\000w\000\040\0003\000:\000\040\000I\000o\000T\000-\000B\000a\000s\000e\000d\000\040\000M\000u\000l\000t\000i\000-\000N\000o\000d\000e\000\040\000F\000i\000r\000e\000f\000i\000g\000h\000t\000e\000r\000\040\000M\000o\000n\000i\000t\000o\000r\000i\000n\000g\000\040\000S\000y\000s\000t\000e\000m\000\040\000w\000i\000t\000h\000\040\000E\000d\000g\000e\000\040\000A\000I\000\040\000a\000n\000d\000\040\000R\000e\000a\000l\000-\000T\000i\000m\000e\000\040\000D\000a\000s\000h\000b\000o\000a\000r\000d}{}% 31
\BOOKMARK [2][-]{subsection.3.1}{\376\377\000A\000b\000s\000t\000r\000a\000c\000t}{section.3}% 32
\BOOKMARK [2][-]{subsection.3.2}{\376\377\000I\000n\000t\000r\000o\000d\000u\000c\000t\000i\000o\000n}{section.3}% 33
\BOOKMARK [2][-]{subsection.3.3}{\376\377\000S\000y\000s\000t\000e\000m\000\040\000A\000r\000c\000h\000i\000t\000e\000c\000t\000u\000r\000e}{section.3}% 34
\BOOKMARK [3][-]{subsubsection.3.3.1}{\376\377\000L\000a\000y\000e\000r\000\040\0001\000:\000\040\000T\000h\000e\000\040\000F\000i\000r\000e\000f\000i\000g\000h\000t\000e\000r\000\040\000N\000o\000d\000e}{subsection.3.3}% 35
\BOOKMARK [3][-]{subsubsection.3.3.2}{\376\377\000L\000a\000y\000e\000r\000\040\0002\000:\000\040\000C\000o\000m\000m\000u\000n\000i\000c\000a\000t\000i\000o\000n\000\040\000L\000a\000y\000e\000r}{subsection.3.3}% 36
\BOOKMARK [3][-]{subsubsection.3.3.3}{\376\377\000L\000a\000y\000e\000r\000\040\0003\000:\000\040\000B\000a\000c\000k\000e\000n\000d\000\040\000a\000n\000d\000\040\000D\000a\000t\000a\000\040\000V\000i\000s\000u\000a\000l\000i\000z\000a\000t\000i\000o\000n\000\040\000L\000a\000y\000e\000r}{subsection.3.3}% 37
\BOOKMARK [2][-]{subsection.3.4}{\376\377\000E\000d\000g\000e\000\040\000I\000n\000t\000e\000l\000l\000i\000g\000e\000n\000c\000e\000\040\000u\000s\000i\000n\000g\000\040\000T\000i\000n\000y\000M\000L}{section.3}% 38
\BOOKMARK [2][-]{subsection.3.5}{\376\377\000D\000a\000t\000a\000\040\000F\000o\000r\000m\000a\000t\000\040\000a\000n\000d\000\040\000T\000r\000a\000n\000s\000m\000i\000s\000s\000i\000o\000n}{section.3}% 39
\BOOKMARK [2][-]{subsection.3.6}{\376\377\000B\000a\000c\000k\000e\000n\000d\000\040\000D\000e\000s\000i\000g\000n}{section.3}% 40
\BOOKMARK [2][-]{subsection.3.7}{\376\377\000F\000r\000o\000n\000t\000e\000n\000d\000\040\000D\000a\000s\000h\000b\000o\000a\000r\000d}{section.3}% 41
\BOOKMARK [2][-]{subsection.3.8}{\376\377\000E\000m\000e\000r\000g\000e\000n\000c\000y\000\040\000H\000a\000n\000d\000l\000i\000n\000g\000\040\000S\000y\000s\000t\000e\000m}{section.3}% 42
\BOOKMARK [2][-]{subsection.3.9}{\376\377\000R\000e\000s\000u\000l\000t\000s\000\040\000a\000n\000d\000\040\000D\000i\000s\000c\000u\000s\000s\000i\000o\000n}{section.3}% 43
\BOOKMARK [1][-]{section.4}{\376\377\000S\000u\000s\000t\000a\000i\000n\000a\000b\000l\000e\000\040\000D\000e\000v\000e\000l\000o\000p\000m\000e\000n\000t\000\040\000G\000o\000a\000l\000s\000\040\000\050\000S\000D\000G\000s\000\051}{}% 44
\BOOKMARK [2][-]{subsection.4.1}{\376\377\000S\000D\000G\000\040\0003\000\040\040\023\000\040\000G\000o\000o\000d\000\040\000H\000e\000a\000l\000t\000h\000\040\000a\000n\000d\000\040\000W\000e\000l\000l\000-\000B\000e\000i\000n\000g}{section.4}% 45
\BOOKMARK [2][-]{subsection.4.2}{\376\377\000S\000D\000G\000\040\0009\000\040\040\023\000\040\000I\000n\000d\000u\000s\000t\000r\000y\000,\000\040\000I\000n\000n\000o\000v\000a\000t\000i\000o\000n\000\040\000a\000n\000d\000\040\000I\000n\000f\000r\000a\000s\000t\000r\000u\000c\000t\000u\000r\000e}{section.4}% 46
\BOOKMARK [2][-]{subsection.4.3}{\376\377\000S\000D\000G\000\040\0001\0001\000\040\040\023\000\040\000S\000u\000s\000t\000a\000i\000n\000a\000b\000l\000e\000\040\000C\000i\000t\000i\000e\000s\000\040\000a\000n\000d\000\040\000C\000o\000m\000m\000u\000n\000i\000t\000i\000e\000s}{section.4}% 47
\BOOKMARK [2][-]{subsection.4.4}{\376\377\000S\000D\000G\000\040\0001\0003\000\040\040\023\000\040\000C\000l\000i\000m\000a\000t\000e\000\040\000A\000c\000t\000i\000o\000n}{section.4}% 48
\BOOKMARK [1][-]{section.5}{\376\377\000A\000d\000v\000a\000n\000t\000a\000g\000e\000s}{}% 49
\BOOKMARK [1][-]{section.6}{\376\377\000C\000o\000n\000c\000l\000u\000s\000i\000o\000n}{}% 50
